<?xml version="1.0" encoding="UTF-8"?>
<testsuite xmlns:xsi="http://www.w3.org/2001/XMLSchema-instance" xsi:noNamespaceSchemaLocation="https://maven.apache.org/surefire/maven-surefire-plugin/xsd/surefire-test-report-3.0.xsd" version="3.0" name="TestSuite" time="26.657" tests="3" errors="0" skipped="2" failures="1">
  <properties>
[...]
</properties>
  <testcase name="initialize" classname="tests.Testbase" time="23.661">
    <failure message="session not created: This version of ChromeDriver only supports Chrome version 75&#10;Build info: version: &apos;3.141.59&apos;, revision: &apos;e82be7d358&apos;, time: &apos;2018-11-14T08:17:03&apos;&#10;System info: host: &apos;DESKTOP-NMJEUIO&apos;, ip: &apos;169.254.249.197&apos;, os.name: &apos;Windows 10&apos;, os.arch: &apos;amd64&apos;, os.version: &apos;10.0&apos;, java.version: &apos;1.8.0_231&apos;&#10;Driver info: driver.version: ChromeDriver&#10;remote stacktrace: Backtrace:&#10;	Ordinal0 [0x00451B43+1448771]&#10;	Ordinal0 [0x003D5A31+940593]&#10;	Ordinal0 [0x00362293+467603]&#10;	Ordinal0 [0x002FF27E+62078]&#10;	Ordinal0 [0x002FBBBD+48061]&#10;	Ordinal0 [0x00318D09+167177]&#10;	Ordinal0 [0x003188DD+166109]&#10;	Ordinal0 [0x00316FEB+159723]&#10;	Ordinal0 [0x003009F6+68086]&#10;	Ordinal0 [0x00301990+72080]&#10;	Ordinal0 [0x00301929+71977]&#10;	GetHandleVerifier [0x00592E8C+1172172]&#10;	GetHandleVerifier [0x004EFE55+504469]&#10;	GetHandleVerifier [0x004EFBF0+503856]&#10;	Ordinal0 [0x0045C9C8+1493448]&#10;	GetHandleVerifier [0x004F062A+506474]&#10;	Ordinal0 [0x003E7156+1012054]&#10;	Ordinal0 [0x003E6FCF+1011663]&#10;	Ordinal0 [0x003F135B+1053531]&#10;	Ordinal0 [0x003F14C3+1053891]&#10;	Ordinal0 [0x003F04F5+1049845]&#10;	BaseThreadInitThunk [0x745A8494+36]&#10;	RtlAreBitsSet [0x775741C8+136]&#10;	RtlAreBitsSet [0x77574198+88]&#10;" type="org.openqa.selenium.SessionNotCreatedException">org.openqa.selenium.SessionNotCreatedException: 
session not created: This version of ChromeDriver only supports Chrome version 75
Build info: version: '3.141.59', revision: 'e82be7d358', time: '2018-11-14T08:17:03'
System info: host: 'DESKTOP-NMJEUIO', ip: '169.254.249.197', os.name: 'Windows 10', os.arch: 'amd64', os.version: '10.0', java.version: '1.8.0_231'
Driver info: driver.version: ChromeDriver
remote stacktrace: Backtrace:
	Ordinal0 [0x00451B43+1448771]
	Ordinal0 [0x003D5A31+940593]
	Ordinal0 [0x00362293+467603]
	Ordinal0 [0x002FF27E+62078]
	Ordinal0 [0x002FBBBD+48061]
	Ordinal0 [0x00318D09+167177]
	Ordinal0 [0x003188DD+166109]
	Ordinal0 [0x00316FEB+159723]
	Ordinal0 [0x003009F6+68086]
	Ordinal0 [0x00301990+72080]
	Ordinal0 [0x00301929+71977]
	GetHandleVerifier [0x00592E8C+1172172]
	GetHandleVerifier [0x004EFE55+504469]
	GetHandleVerifier [0x004EFBF0+503856]
	Ordinal0 [0x0045C9C8+1493448]
	GetHandleVerifier [0x004F062A+506474]
	Ordinal0 [0x003E7156+1012054]
	Ordinal0 [0x003E6FCF+1011663]
	Ordinal0 [0x003F135B+1053531]
	Ordinal0 [0x003F14C3+1053891]
	Ordinal0 [0x003F04F5+1049845]
	BaseThreadInitThunk [0x745A8494+36]
	RtlAreBitsSet [0x775741C8+136]
	RtlAreBitsSet [0x77574198+88]

	at tests.Testbase.initialize(Testbase.java:19)
</failure>
    <system-err><![CDATA[Starting ChromeDriver 75.0.3770.140 (2d9f97485c7b07dc18a74666574f19176731995c-refs/branch-heads/3770@{#1155}) on port 48103
Only local connections are allowed.
Please protect ports used by ChromeDriver and related test frameworks to prevent access by malicious code.
]]></system-err>
  </testcase>
  <testcase name="init" classname="tests.Gmail_login_test" time="0">
    <skipped message="session not created: This version of ChromeDriver only supports Chrome version 75&#10;Build info: version: &apos;3.141.59&apos;, revision: &apos;e82be7d358&apos;, time: &apos;2018-11-14T08:17:03&apos;&#10;System info: host: &apos;DESKTOP-NMJEUIO&apos;, ip: &apos;169.254.249.197&apos;, os.name: &apos;Windows 10&apos;, os.arch: &apos;amd64&apos;, os.version: &apos;10.0&apos;, java.version: &apos;1.8.0_231&apos;&#10;Driver info: driver.version: ChromeDriver&#10;remote stacktrace: Backtrace:&#10;	Ordinal0 [0x00451B43+1448771]&#10;	Ordinal0 [0x003D5A31+940593]&#10;	Ordinal0 [0x00362293+467603]&#10;	Ordinal0 [0x002FF27E+62078]&#10;	Ordinal0 [0x002FBBBD+48061]&#10;	Ordinal0 [0x00318D09+167177]&#10;	Ordinal0 [0x003188DD+166109]&#10;	Ordinal0 [0x00316FEB+159723]&#10;	Ordinal0 [0x003009F6+68086]&#10;	Ordinal0 [0x00301990+72080]&#10;	Ordinal0 [0x00301929+71977]&#10;	GetHandleVerifier [0x00592E8C+1172172]&#10;	GetHandleVerifier [0x004EFE55+504469]&#10;	GetHandleVerifier [0x004EFBF0+503856]&#10;	Ordinal0 [0x0045C9C8+1493448]&#10;	GetHandleVerifier [0x004F062A+506474]&#10;	Ordinal0 [0x003E7156+1012054]&#10;	Ordinal0 [0x003E6FCF+1011663]&#10;	Ordinal0 [0x003F135B+1053531]&#10;	Ordinal0 [0x003F14C3+1053891]&#10;	Ordinal0 [0x003F04F5+1049845]&#10;	BaseThreadInitThunk [0x745A8494+36]&#10;	RtlAreBitsSet [0x775741C8+136]&#10;	RtlAreBitsSet [0x77574198+88]&#10;"/>
  </testcase>
  <testcase name="login" classname="tests.Gmail_login_test" time="0">
    <skipped message="session not created: This version of ChromeDriver only supports Chrome version 75&#10;Build info: version: &apos;3.141.59&apos;, revision: &apos;e82be7d358&apos;, time: &apos;2018-11-14T08:17:03&apos;&#10;System info: host: &apos;DESKTOP-NMJEUIO&apos;, ip: &apos;169.254.249.197&apos;, os.name: &apos;Windows 10&apos;, os.arch: &apos;amd64&apos;, os.version: &apos;10.0&apos;, java.version: &apos;1.8.0_231&apos;&#10;Driver info: driver.version: ChromeDriver&#10;remote stacktrace: Backtrace:&#10;	Ordinal0 [0x00451B43+1448771]&#10;	Ordinal0 [0x003D5A31+940593]&#10;	Ordinal0 [0x00362293+467603]&#10;	Ordinal0 [0x002FF27E+62078]&#10;	Ordinal0 [0x002FBBBD+48061]&#10;	Ordinal0 [0x00318D09+167177]&#10;	Ordinal0 [0x003188DD+166109]&#10;	Ordinal0 [0x00316FEB+159723]&#10;	Ordinal0 [0x003009F6+68086]&#10;	Ordinal0 [0x00301990+72080]&#10;	Ordinal0 [0x00301929+71977]&#10;	GetHandleVerifier [0x00592E8C+1172172]&#10;	GetHandleVerifier [0x004EFE55+504469]&#10;	GetHandleVerifier [0x004EFBF0+503856]&#10;	Ordinal0 [0x0045C9C8+1493448]&#10;	GetHandleVerifier [0x004F062A+506474]&#10;	Ordinal0 [0x003E7156+1012054]&#10;	Ordinal0 [0x003E6FCF+1011663]&#10;	Ordinal0 [0x003F135B+1053531]&#10;	Ordinal0 [0x003F14C3+1053891]&#10;	Ordinal0 [0x003F04F5+1049845]&#10;	BaseThreadInitThunk [0x745A8494+36]&#10;	RtlAreBitsSet [0x775741C8+136]&#10;	RtlAreBitsSet [0x77574198+88]&#10;"/>
  </testcase>
</testsuite>