<?xml version="1.0" encoding="UTF-8"?>
<testng-results skipped="0" failed="0" ignored="1" total="2" passed="1">
  <reporter-output>
  </reporter-output>
  <suite name="Everjobs Suite" duration-ms="11294" started-at="2019-07-24T03:29:40Z" finished-at="2019-07-24T03:29:51Z">
    <groups>
    </groups>
    <test name="Page Object Model Project" duration-ms="11294" started-at="2019-07-24T03:29:40Z" finished-at="2019-07-24T03:29:51Z">
      <class name="tests.Gmail_login_test">
        <test-method status="PASS" signature="init()[pri:0, instance:tests.Gmail_login_test@64616ca2]" name="init" duration-ms="10931" started-at="2019-07-24T03:29:40Z" finished-at="2019-07-24T03:29:51Z">
          <reporter-output>
          </reporter-output>
        </test-method> <!-- init -->
      </class> <!-- tests.Gmail_login_test -->
      <class name="tests.Testbase">
        <test-method status="PASS" signature="initialize()[pri:0, instance:tests.Testbase@3b81a1bc]" name="initialize" is-config="true" duration-ms="50281" started-at="2019-07-24T03:28:49Z" finished-at="2019-07-24T03:29:40Z">
          <reporter-output>
          </reporter-output>
        </test-method> <!-- initialize -->
      </class> <!-- tests.Testbase -->
    </test> <!-- Page Object Model Project -->
  </suite> <!-- Everjobs Suite -->
</testng-results>
