<?xml version="1.0" encoding="UTF-8"?>
<testng-results skipped="0" failed="0" ignored="0" total="1" passed="1">
  <reporter-output>
  </reporter-output>
  <suite name="Default suite" duration-ms="16629" started-at="2019-07-22T08:57:09Z" finished-at="2019-07-22T08:57:26Z">
    <groups>
    </groups>
    <test name="Default test" duration-ms="16629" started-at="2019-07-22T08:57:09Z" finished-at="2019-07-22T08:57:26Z">
      <class name="tests.Gmail_login_test">
        <test-method status="PASS" signature="initialize()[pri:0, instance:tests.Gmail_login_test@55f3ddb1]" name="initialize" is-config="true" duration-ms="32068" started-at="2019-07-22T08:56:37Z" finished-at="2019-07-22T08:57:09Z">
          <reporter-output>
          </reporter-output>
        </test-method> <!-- initialize -->
        <test-method status="PASS" signature="init()[pri:0, instance:tests.Gmail_login_test@55f3ddb1]" name="init" duration-ms="16043" started-at="2019-07-22T08:57:10Z" finished-at="2019-07-22T08:57:26Z">
          <reporter-output>
          </reporter-output>
        </test-method> <!-- init -->
      </class> <!-- tests.Gmail_login_test -->
    </test> <!-- Default test -->
  </suite> <!-- Default suite -->
</testng-results>
