<?xml version="1.0" encoding="UTF-8"?>
<!-- Generated by org.testng.reporters.JUnitXMLReporter -->
<testsuite hostname="DESKTOP-NMJEUIO" ignored="1" name="Page Object Model Project" tests="1" failures="0" timestamp="22 Jul 2019 09:01:05 GMT" time="23.212" errors="0">
  <testcase name="init" time="23.185" classname="tests.Gmail_login_test"/>
  <testcase name="@BeforeSuite initialize" time="0.0" classname="tests.Testbase">
    <ignored/>
  </testcase> <!-- @BeforeSuite initialize -->
</testsuite> <!-- Page Object Model Project -->
