<?xml version="1.0" encoding="UTF-8"?>
<!-- Generated by org.testng.reporters.JUnitXMLReporter -->
<testsuite hostname="DESKTOP-NMJEUIO" ignored="1" name="Page Object Model Project" tests="1" failures="0" timestamp="18 Nov 2019 09:53:43 GMT" time="2.189" errors="0">
  <testcase name="init" time="1.54" classname="practise_tests.select_dropdown_test"/>
  <testcase name="@BeforeSuite initialize" time="0.0" classname="practise_tests.practise_Testbase">
    <ignored/>
  </testcase> <!-- @BeforeSuite initialize -->
</testsuite> <!-- Page Object Model Project -->
